2024-05-14 13:22:04.789 [main] INFO  c.d.transaction.service1.Service1Application:648 - No active profile set, falling back to default profiles: default
2024-05-14 13:22:05.763 [main] INFO  o.s.d.r.config.RepositoryConfigurationDelegate:249 - Multiple Spring Data modules found, entering strict repository configuration mode!
2024-05-14 13:22:05.766 [main] INFO  o.s.d.r.config.RepositoryConfigurationDelegate:127 - Bootstrapping Spring Data Redis repositories in DEFAULT mode.
2024-05-14 13:22:05.808 [main] INFO  o.s.d.r.config.RepositoryConfigurationDelegate:187 - Finished Spring Data repository scanning in 25ms. Found 0 Redis repository interfaces.
2024-05-14 13:22:05.876 [main] WARN  o.springframework.boot.actuate.endpoint.EndpointId:155 - Endpoint ID 'service-registry' contains invalid characters, please migrate to a valid format.
2024-05-14 13:22:06.044 [main] INFO  o.springframework.cloud.context.scope.GenericScope:295 - BeanFactory id=835693b4-f2a1-3f05-be27-d9e4173896d4
2024-05-14 13:22:06.456 [main] INFO  o.s.boot.web.embedded.tomcat.TomcatWebServer:108 - Tomcat initialized with port(s): 9002 (http)
2024-05-14 13:22:06.469 [main] INFO  org.apache.coyote.http11.Http11NioProtocol:173 - Initializing ProtocolHandler ["http-nio-9002"]
2024-05-14 13:22:06.470 [main] INFO  org.apache.catalina.core.StandardService:173 - Starting service [Tomcat]
2024-05-14 13:22:06.470 [main] INFO  org.apache.catalina.core.StandardEngine:173 - Starting Servlet engine: [Apache Tomcat/9.0.46]
2024-05-14 13:22:06.678 [main] INFO  o.a.c.core.ContainerBase.[Tomcat].[localhost].[/]:173 - Initializing Spring embedded WebApplicationContext
2024-05-14 13:22:06.679 [main] INFO  o.s.b.w.s.c.ServletWebServerApplicationContext:285 - Root WebApplicationContext: initialization completed in 1865 ms
2024-05-14 13:22:06.901 [main] INFO  o.s.boot.web.servlet.RegistrationBean:110 - Servlet statViewServlet was not registered (possibly already registered?)
2024-05-14 13:22:07.260 [main] INFO  org.redisson.Version:41 - Redisson 3.13.6
2024-05-14 13:22:09.237 [redisson-netty-2-24] INFO  o.r.connection.pool.MasterPubSubConnectionPool:167 - 1 connections initialized for localhost/127.0.0.1:6379
2024-05-14 13:22:09.253 [redisson-netty-2-19] INFO  org.redisson.connection.pool.MasterConnectionPool:167 - 24 connections initialized for localhost/127.0.0.1:6379
2024-05-14 13:22:09.579 [main] WARN  c.b.mybatisplus.core.injector.DefaultSqlInjector:56 - class cn.distributed.transaction.framework.bt.dataobj.UndoLog ,Not found @TableId annotation, Cannot use Mybatis-Plus 'xxById' Method.
2024-05-14 13:22:10.758 [main] WARN  com.netflix.config.sources.URLConfigurationSource:121 - No URLs will be polled as dynamic configuration sources.
2024-05-14 13:22:10.758 [main] INFO  com.netflix.config.sources.URLConfigurationSource:122 - To enable URLs as dynamic configuration sources, define System property archaius.configurationSource.additionalUrls or make config.properties available on classpath.
2024-05-14 13:22:10.765 [main] WARN  com.netflix.config.sources.URLConfigurationSource:121 - No URLs will be polled as dynamic configuration sources.
2024-05-14 13:22:10.766 [main] INFO  com.netflix.config.sources.URLConfigurationSource:122 - To enable URLs as dynamic configuration sources, define System property archaius.configurationSource.additionalUrls or make config.properties available on classpath.
2024-05-14 13:22:10.945 [main] INFO  o.s.scheduling.concurrent.ThreadPoolTaskExecutor:181 - Initializing ExecutorService 'applicationTaskExecutor'
2024-05-14 13:22:11.180 [main] ERROR com.alibaba.druid.pool.DruidDataSource:918 - init datasource error, url: jdbc:mysql://localhost:3306/distributed-database-service1?useUnicode=true&characterEncoding=UTF-8&useSSL=false&serverTimezone=Asia/Shanghai&allowPublicKeyRetrieval=true
java.sql.SQLSyntaxErrorException: Unknown database 'distributed-database-service1'
	at com.mysql.cj.jdbc.exceptions.SQLError.createSQLException(SQLError.java:121)
	at com.mysql.cj.jdbc.exceptions.SQLExceptionsMapping.translateException(SQLExceptionsMapping.java:122)
	at com.mysql.cj.jdbc.ConnectionImpl.createNewIO(ConnectionImpl.java:825)
	at com.mysql.cj.jdbc.ConnectionImpl.<init>(ConnectionImpl.java:446)
	at com.mysql.cj.jdbc.ConnectionImpl.getInstance(ConnectionImpl.java:239)
	at com.mysql.cj.jdbc.NonRegisteringDriver.connect(NonRegisteringDriver.java:188)
	at com.alibaba.druid.filter.FilterChainImpl.connection_connect(FilterChainImpl.java:156)
	at com.alibaba.druid.filter.FilterAdapter.connection_connect(FilterAdapter.java:787)
	at com.alibaba.druid.filter.FilterChainImpl.connection_connect(FilterChainImpl.java:150)
	at com.alibaba.druid.filter.stat.StatFilter.connection_connect(StatFilter.java:227)
	at com.alibaba.druid.filter.FilterChainImpl.connection_connect(FilterChainImpl.java:150)
	at com.alibaba.druid.pool.DruidAbstractDataSource.createPhysicalConnection(DruidAbstractDataSource.java:1654)
	at com.alibaba.druid.pool.DruidAbstractDataSource.createPhysicalConnection(DruidAbstractDataSource.java:1718)
	at com.alibaba.druid.pool.DruidDataSource.init(DruidDataSource.java:914)
	at com.alibaba.druid.pool.DruidDataSource.getConnection(DruidDataSource.java:1382)
	at com.alibaba.druid.pool.DruidDataSource.getConnection(DruidDataSource.java:1378)
	at cn.distributed.transaction.framework.bt.config.BTTableMetaConfig.initCacheTableMete(BTTableMetaConfig.java:26)
	at sun.reflect.NativeMethodAccessorImpl.invoke0(Native Method)
	at sun.reflect.NativeMethodAccessorImpl.invoke(NativeMethodAccessorImpl.java:62)
	at sun.reflect.DelegatingMethodAccessorImpl.invoke(DelegatingMethodAccessorImpl.java:43)
	at java.lang.reflect.Method.invoke(Method.java:498)
	at org.springframework.beans.factory.annotation.InitDestroyAnnotationBeanPostProcessor$LifecycleElement.invoke(InitDestroyAnnotationBeanPostProcessor.java:389)
	at org.springframework.beans.factory.annotation.InitDestroyAnnotationBeanPostProcessor$LifecycleMetadata.invokeInitMethods(InitDestroyAnnotationBeanPostProcessor.java:333)
	at org.springframework.beans.factory.annotation.InitDestroyAnnotationBeanPostProcessor.postProcessBeforeInitialization(InitDestroyAnnotationBeanPostProcessor.java:157)
	at org.springframework.beans.factory.support.AbstractAutowireCapableBeanFactory.applyBeanPostProcessorsBeforeInitialization(AbstractAutowireCapableBeanFactory.java:415)
	at org.springframework.beans.factory.support.AbstractAutowireCapableBeanFactory.initializeBean(AbstractAutowireCapableBeanFactory.java:1791)
	at org.springframework.beans.factory.support.AbstractAutowireCapableBeanFactory.doCreateBean(AbstractAutowireCapableBeanFactory.java:594)
	at org.springframework.beans.factory.support.AbstractAutowireCapableBeanFactory.createBean(AbstractAutowireCapableBeanFactory.java:516)
	at org.springframework.beans.factory.support.AbstractBeanFactory.lambda$doGetBean$0(AbstractBeanFactory.java:324)
	at org.springframework.beans.factory.support.DefaultSingletonBeanRegistry.getSingleton(DefaultSingletonBeanRegistry.java:234)
	at org.springframework.beans.factory.support.AbstractBeanFactory.doGetBean(AbstractBeanFactory.java:322)
	at org.springframework.beans.factory.support.AbstractBeanFactory.getBean(AbstractBeanFactory.java:202)
	at org.springframework.beans.factory.config.DependencyDescriptor.resolveCandidate(DependencyDescriptor.java:276)
	at org.springframework.beans.factory.support.DefaultListableBeanFactory.doResolveDependency(DefaultListableBeanFactory.java:1307)
	at org.springframework.beans.factory.support.DefaultListableBeanFactory.resolveDependency(DefaultListableBeanFactory.java:1227)
	at org.springframework.beans.factory.annotation.AutowiredAnnotationBeanPostProcessor$AutowiredFieldElement.resolveFieldValue(AutowiredAnnotationBeanPostProcessor.java:657)
	at org.springframework.beans.factory.annotation.AutowiredAnnotationBeanPostProcessor$AutowiredFieldElement.inject(AutowiredAnnotationBeanPostProcessor.java:640)
	at org.springframework.beans.factory.annotation.InjectionMetadata.inject(InjectionMetadata.java:119)
	at org.springframework.beans.factory.annotation.AutowiredAnnotationBeanPostProcessor.postProcessProperties(AutowiredAnnotationBeanPostProcessor.java:399)
	at org.springframework.beans.factory.support.AbstractAutowireCapableBeanFactory.populateBean(AbstractAutowireCapableBeanFactory.java:1425)
	at org.springframework.beans.factory.support.AbstractAutowireCapableBeanFactory.doCreateBean(AbstractAutowireCapableBeanFactory.java:593)
	at org.springframework.beans.factory.support.AbstractAutowireCapableBeanFactory.createBean(AbstractAutowireCapableBeanFactory.java:516)
	at org.springframework.beans.factory.support.AbstractBeanFactory.lambda$doGetBean$0(AbstractBeanFactory.java:324)
	at org.springframework.beans.factory.support.DefaultSingletonBeanRegistry.getSingleton(DefaultSingletonBeanRegistry.java:234)
	at org.springframework.beans.factory.support.AbstractBeanFactory.doGetBean(AbstractBeanFactory.java:322)
	at org.springframework.beans.factory.support.AbstractBeanFactory.getBean(AbstractBeanFactory.java:202)
	at org.springframework.beans.factory.config.DependencyDescriptor.resolveCandidate(DependencyDescriptor.java:276)
	at org.springframework.beans.factory.support.DefaultListableBeanFactory.doResolveDependency(DefaultListableBeanFactory.java:1307)
	at org.springframework.beans.factory.support.DefaultListableBeanFactory.resolveDependency(DefaultListableBeanFactory.java:1227)
	at org.springframework.beans.factory.support.ConstructorResolver.resolveAutowiredArgument(ConstructorResolver.java:886)
	at org.springframework.beans.factory.support.ConstructorResolver.createArgumentArray(ConstructorResolver.java:790)
	at org.springframework.beans.factory.support.ConstructorResolver.autowireConstructor(ConstructorResolver.java:228)
	at org.springframework.beans.factory.support.AbstractAutowireCapableBeanFactory.autowireConstructor(AbstractAutowireCapableBeanFactory.java:1361)
	at org.springframework.beans.factory.support.AbstractAutowireCapableBeanFactory.createBeanInstance(AbstractAutowireCapableBeanFactory.java:1208)
	at org.springframework.beans.factory.support.AbstractAutowireCapableBeanFactory.doCreateBean(AbstractAutowireCapableBeanFactory.java:556)
	at org.springframework.beans.factory.support.AbstractAutowireCapableBeanFactory.createBean(AbstractAutowireCapableBeanFactory.java:516)
	at org.springframework.beans.factory.support.AbstractBeanFactory.lambda$doGetBean$0(AbstractBeanFactory.java:324)
	at org.springframework.beans.factory.support.DefaultSingletonBeanRegistry.getSingleton(DefaultSingletonBeanRegistry.java:234)
	at org.springframework.beans.factory.support.AbstractBeanFactory.doGetBean(AbstractBeanFactory.java:322)
	at org.springframework.beans.factory.support.AbstractBeanFactory.getBean(AbstractBeanFactory.java:202)
	at org.springframework.context.support.AbstractApplicationContext.getBean(AbstractApplicationContext.java:1109)
	at org.springframework.web.method.ControllerAdviceBean.resolveBean(ControllerAdviceBean.java:202)
	at org.springframework.web.method.ControllerAdviceBean.getOrder(ControllerAdviceBean.java:161)
	at org.springframework.core.OrderComparator.findOrder(OrderComparator.java:145)
	at org.springframework.core.OrderComparator.getOrder(OrderComparator.java:128)
	at org.springframework.core.OrderComparator.getOrder(OrderComparator.java:116)
	at org.springframework.core.OrderComparator.doCompare(OrderComparator.java:87)
	at org.springframework.core.OrderComparator.compare(OrderComparator.java:73)
	at java.util.TimSort.countRunAndMakeAscending(TimSort.java:355)
	at java.util.TimSort.sort(TimSort.java:220)
	at java.util.Arrays.sort(Arrays.java:1512)
	at java.util.ArrayList.sort(ArrayList.java:1462)
	at org.springframework.core.OrderComparator.sort(OrderComparator.java:174)
	at org.springframework.web.method.ControllerAdviceBean.findAnnotatedBeans(ControllerAdviceBean.java:274)
	at org.springframework.web.servlet.mvc.method.annotation.RequestMappingHandlerAdapter.initControllerAdviceCache(RequestMappingHandlerAdapter.java:579)
	at org.springframework.web.servlet.mvc.method.annotation.RequestMappingHandlerAdapter.afterPropertiesSet(RequestMappingHandlerAdapter.java:558)
	at org.springframework.beans.factory.support.AbstractAutowireCapableBeanFactory.invokeInitMethods(AbstractAutowireCapableBeanFactory.java:1858)
	at org.springframework.beans.factory.support.AbstractAutowireCapableBeanFactory.initializeBean(AbstractAutowireCapableBeanFactory.java:1795)
	at org.springframework.beans.factory.support.AbstractAutowireCapableBeanFactory.doCreateBean(AbstractAutowireCapableBeanFactory.java:594)
	at org.springframework.beans.factory.support.AbstractAutowireCapableBeanFactory.createBean(AbstractAutowireCapableBeanFactory.java:516)
	at org.springframework.beans.factory.support.AbstractBeanFactory.lambda$doGetBean$0(AbstractBeanFactory.java:324)
	at org.springframework.beans.factory.support.DefaultSingletonBeanRegistry.getSingleton(DefaultSingletonBeanRegistry.java:234)
	at org.springframework.beans.factory.support.AbstractBeanFactory.doGetBean(AbstractBeanFactory.java:322)
	at org.springframework.beans.factory.support.AbstractBeanFactory.getBean(AbstractBeanFactory.java:202)
	at org.springframework.beans.factory.support.DefaultListableBeanFactory.preInstantiateSingletons(DefaultListableBeanFactory.java:897)
	at org.springframework.context.support.AbstractApplicationContext.finishBeanFactoryInitialization(AbstractApplicationContext.java:879)
	at org.springframework.context.support.AbstractApplicationContext.refresh(AbstractApplicationContext.java:551)
	at org.springframework.boot.web.servlet.context.ServletWebServerApplicationContext.refresh(ServletWebServerApplicationContext.java:143)
	at org.springframework.boot.SpringApplication.refresh(SpringApplication.java:755)
	at org.springframework.boot.SpringApplication.refresh(SpringApplication.java:747)
	at org.springframework.boot.SpringApplication.refreshContext(SpringApplication.java:402)
	at org.springframework.boot.SpringApplication.run(SpringApplication.java:312)
	at org.springframework.boot.SpringApplication.run(SpringApplication.java:1247)
	at org.springframework.boot.SpringApplication.run(SpringApplication.java:1236)
	at cn.distributed.transaction.service1.Service1Application.main(Service1Application.java:15)
2024-05-14 13:22:11.183 [main] ERROR com.alibaba.druid.pool.DruidDataSource:960 - {dataSource-1} init error
java.sql.SQLSyntaxErrorException: Unknown database 'distributed-database-service1'
	at com.mysql.cj.jdbc.exceptions.SQLError.createSQLException(SQLError.java:121)
	at com.mysql.cj.jdbc.exceptions.SQLExceptionsMapping.translateException(SQLExceptionsMapping.java:122)
	at com.mysql.cj.jdbc.ConnectionImpl.createNewIO(ConnectionImpl.java:825)
	at com.mysql.cj.jdbc.ConnectionImpl.<init>(ConnectionImpl.java:446)
	at com.mysql.cj.jdbc.ConnectionImpl.getInstance(ConnectionImpl.java:239)
	at com.mysql.cj.jdbc.NonRegisteringDriver.connect(NonRegisteringDriver.java:188)
	at com.alibaba.druid.filter.FilterChainImpl.connection_connect(FilterChainImpl.java:156)
	at com.alibaba.druid.filter.FilterAdapter.connection_connect(FilterAdapter.java:787)
	at com.alibaba.druid.filter.FilterChainImpl.connection_connect(FilterChainImpl.java:150)
	at com.alibaba.druid.filter.stat.StatFilter.connection_connect(StatFilter.java:227)
	at com.alibaba.druid.filter.FilterChainImpl.connection_connect(FilterChainImpl.java:150)
	at com.alibaba.druid.pool.DruidAbstractDataSource.createPhysicalConnection(DruidAbstractDataSource.java:1654)
	at com.alibaba.druid.pool.DruidAbstractDataSource.createPhysicalConnection(DruidAbstractDataSource.java:1718)
	at com.alibaba.druid.pool.DruidDataSource.init(DruidDataSource.java:914)
	at com.alibaba.druid.pool.DruidDataSource.getConnection(DruidDataSource.java:1382)
	at com.alibaba.druid.pool.DruidDataSource.getConnection(DruidDataSource.java:1378)
	at cn.distributed.transaction.framework.bt.config.BTTableMetaConfig.initCacheTableMete(BTTableMetaConfig.java:26)
	at sun.reflect.NativeMethodAccessorImpl.invoke0(Native Method)
	at sun.reflect.NativeMethodAccessorImpl.invoke(NativeMethodAccessorImpl.java:62)
	at sun.reflect.DelegatingMethodAccessorImpl.invoke(DelegatingMethodAccessorImpl.java:43)
	at java.lang.reflect.Method.invoke(Method.java:498)
	at org.springframework.beans.factory.annotation.InitDestroyAnnotationBeanPostProcessor$LifecycleElement.invoke(InitDestroyAnnotationBeanPostProcessor.java:389)
	at org.springframework.beans.factory.annotation.InitDestroyAnnotationBeanPostProcessor$LifecycleMetadata.invokeInitMethods(InitDestroyAnnotationBeanPostProcessor.java:333)
	at org.springframework.beans.factory.annotation.InitDestroyAnnotationBeanPostProcessor.postProcessBeforeInitialization(InitDestroyAnnotationBeanPostProcessor.java:157)
	at org.springframework.beans.factory.support.AbstractAutowireCapableBeanFactory.applyBeanPostProcessorsBeforeInitialization(AbstractAutowireCapableBeanFactory.java:415)
	at org.springframework.beans.factory.support.AbstractAutowireCapableBeanFactory.initializeBean(AbstractAutowireCapableBeanFactory.java:1791)
	at org.springframework.beans.factory.support.AbstractAutowireCapableBeanFactory.doCreateBean(AbstractAutowireCapableBeanFactory.java:594)
	at org.springframework.beans.factory.support.AbstractAutowireCapableBeanFactory.createBean(AbstractAutowireCapableBeanFactory.java:516)
	at org.springframework.beans.factory.support.AbstractBeanFactory.lambda$doGetBean$0(AbstractBeanFactory.java:324)
	at org.springframework.beans.factory.support.DefaultSingletonBeanRegistry.getSingleton(DefaultSingletonBeanRegistry.java:234)
	at org.springframework.beans.factory.support.AbstractBeanFactory.doGetBean(AbstractBeanFactory.java:322)
	at org.springframework.beans.factory.support.AbstractBeanFactory.getBean(AbstractBeanFactory.java:202)
	at org.springframework.beans.factory.config.DependencyDescriptor.resolveCandidate(DependencyDescriptor.java:276)
	at org.springframework.beans.factory.support.DefaultListableBeanFactory.doResolveDependency(DefaultListableBeanFactory.java:1307)
	at org.springframework.beans.factory.support.DefaultListableBeanFactory.resolveDependency(DefaultListableBeanFactory.java:1227)
	at org.springframework.beans.factory.annotation.AutowiredAnnotationBeanPostProcessor$AutowiredFieldElement.resolveFieldValue(AutowiredAnnotationBeanPostProcessor.java:657)
	at org.springframework.beans.factory.annotation.AutowiredAnnotationBeanPostProcessor$AutowiredFieldElement.inject(AutowiredAnnotationBeanPostProcessor.java:640)
	at org.springframework.beans.factory.annotation.InjectionMetadata.inject(InjectionMetadata.java:119)
	at org.springframework.beans.factory.annotation.AutowiredAnnotationBeanPostProcessor.postProcessProperties(AutowiredAnnotationBeanPostProcessor.java:399)
	at org.springframework.beans.factory.support.AbstractAutowireCapableBeanFactory.populateBean(AbstractAutowireCapableBeanFactory.java:1425)
	at org.springframework.beans.factory.support.AbstractAutowireCapableBeanFactory.doCreateBean(AbstractAutowireCapableBeanFactory.java:593)
	at org.springframework.beans.factory.support.AbstractAutowireCapableBeanFactory.createBean(AbstractAutowireCapableBeanFactory.java:516)
	at org.springframework.beans.factory.support.AbstractBeanFactory.lambda$doGetBean$0(AbstractBeanFactory.java:324)
	at org.springframework.beans.factory.support.DefaultSingletonBeanRegistry.getSingleton(DefaultSingletonBeanRegistry.java:234)
	at org.springframework.beans.factory.support.AbstractBeanFactory.doGetBean(AbstractBeanFactory.java:322)
	at org.springframework.beans.factory.support.AbstractBeanFactory.getBean(AbstractBeanFactory.java:202)
	at org.springframework.beans.factory.config.DependencyDescriptor.resolveCandidate(DependencyDescriptor.java:276)
	at org.springframework.beans.factory.support.DefaultListableBeanFactory.doResolveDependency(DefaultListableBeanFactory.java:1307)
	at org.springframework.beans.factory.support.DefaultListableBeanFactory.resolveDependency(DefaultListableBeanFactory.java:1227)
	at org.springframework.beans.factory.support.ConstructorResolver.resolveAutowiredArgument(ConstructorResolver.java:886)
	at org.springframework.beans.factory.support.ConstructorResolver.createArgumentArray(ConstructorResolver.java:790)
	at org.springframework.beans.factory.support.ConstructorResolver.autowireConstructor(ConstructorResolver.java:228)
	at org.springframework.beans.factory.support.AbstractAutowireCapableBeanFactory.autowireConstructor(AbstractAutowireCapableBeanFactory.java:1361)
	at org.springframework.beans.factory.support.AbstractAutowireCapableBeanFactory.createBeanInstance(AbstractAutowireCapableBeanFactory.java:1208)
	at org.springframework.beans.factory.support.AbstractAutowireCapableBeanFactory.doCreateBean(AbstractAutowireCapableBeanFactory.java:556)
	at org.springframework.beans.factory.support.AbstractAutowireCapableBeanFactory.createBean(AbstractAutowireCapableBeanFactory.java:516)
	at org.springframework.beans.factory.support.AbstractBeanFactory.lambda$doGetBean$0(AbstractBeanFactory.java:324)
	at org.springframework.beans.factory.support.DefaultSingletonBeanRegistry.getSingleton(DefaultSingletonBeanRegistry.java:234)
	at org.springframework.beans.factory.support.AbstractBeanFactory.doGetBean(AbstractBeanFactory.java:322)
	at org.springframework.beans.factory.support.AbstractBeanFactory.getBean(AbstractBeanFactory.java:202)
	at org.springframework.context.support.AbstractApplicationContext.getBean(AbstractApplicationContext.java:1109)
	at org.springframework.web.method.ControllerAdviceBean.resolveBean(ControllerAdviceBean.java:202)
	at org.springframework.web.method.ControllerAdviceBean.getOrder(ControllerAdviceBean.java:161)
	at org.springframework.core.OrderComparator.findOrder(OrderComparator.java:145)
	at org.springframework.core.OrderComparator.getOrder(OrderComparator.java:128)
	at org.springframework.core.OrderComparator.getOrder(OrderComparator.java:116)
	at org.springframework.core.OrderComparator.doCompare(OrderComparator.java:87)
	at org.springframework.core.OrderComparator.compare(OrderComparator.java:73)
	at java.util.TimSort.countRunAndMakeAscending(TimSort.java:355)
	at java.util.TimSort.sort(TimSort.java:220)
	at java.util.Arrays.sort(Arrays.java:1512)
	at java.util.ArrayList.sort(ArrayList.java:1462)
	at org.springframework.core.OrderComparator.sort(OrderComparator.java:174)
	at org.springframework.web.method.ControllerAdviceBean.findAnnotatedBeans(ControllerAdviceBean.java:274)
	at org.springframework.web.servlet.mvc.method.annotation.RequestMappingHandlerAdapter.initControllerAdviceCache(RequestMappingHandlerAdapter.java:579)
	at org.springframework.web.servlet.mvc.method.annotation.RequestMappingHandlerAdapter.afterPropertiesSet(RequestMappingHandlerAdapter.java:558)
	at org.springframework.beans.factory.support.AbstractAutowireCapableBeanFactory.invokeInitMethods(AbstractAutowireCapableBeanFactory.java:1858)
	at org.springframework.beans.factory.support.AbstractAutowireCapableBeanFactory.initializeBean(AbstractAutowireCapableBeanFactory.java:1795)
	at org.springframework.beans.factory.support.AbstractAutowireCapableBeanFactory.doCreateBean(AbstractAutowireCapableBeanFactory.java:594)
	at org.springframework.beans.factory.support.AbstractAutowireCapableBeanFactory.createBean(AbstractAutowireCapableBeanFactory.java:516)
	at org.springframework.beans.factory.support.AbstractBeanFactory.lambda$doGetBean$0(AbstractBeanFactory.java:324)
	at org.springframework.beans.factory.support.DefaultSingletonBeanRegistry.getSingleton(DefaultSingletonBeanRegistry.java:234)
	at org.springframework.beans.factory.support.AbstractBeanFactory.doGetBean(AbstractBeanFactory.java:322)
	at org.springframework.beans.factory.support.AbstractBeanFactory.getBean(AbstractBeanFactory.java:202)
	at org.springframework.beans.factory.support.DefaultListableBeanFactory.preInstantiateSingletons(DefaultListableBeanFactory.java:897)
	at org.springframework.context.support.AbstractApplicationContext.finishBeanFactoryInitialization(AbstractApplicationContext.java:879)
	at org.springframework.context.support.AbstractApplicationContext.refresh(AbstractApplicationContext.java:551)
	at org.springframework.boot.web.servlet.context.ServletWebServerApplicationContext.refresh(ServletWebServerApplicationContext.java:143)
	at org.springframework.boot.SpringApplication.refresh(SpringApplication.java:755)
	at org.springframework.boot.SpringApplication.refresh(SpringApplication.java:747)
	at org.springframework.boot.SpringApplication.refreshContext(SpringApplication.java:402)
	at org.springframework.boot.SpringApplication.run(SpringApplication.java:312)
	at org.springframework.boot.SpringApplication.run(SpringApplication.java:1247)
	at org.springframework.boot.SpringApplication.run(SpringApplication.java:1236)
	at cn.distributed.transaction.service1.Service1Application.main(Service1Application.java:15)
2024-05-14 13:22:11.184 [main] INFO  com.alibaba.druid.pool.DruidDataSource:985 - {dataSource-1} inited
2024-05-14 13:22:11.186 [main] WARN  o.s.b.w.s.c.AnnotationConfigServletWebServerApplicationContext:559 - Exception encountered during context initialization - cancelling refresh attempt: org.springframework.beans.factory.BeanCreationException: Error creating bean with name 'requestMappingHandlerAdapter' defined in class path resource [org/springframework/boot/autoconfigure/web/servlet/WebMvcAutoConfiguration$EnableWebMvcConfiguration.class]: Invocation of init method failed; nested exception is org.springframework.beans.factory.UnsatisfiedDependencyException: Error creating bean with name 'cn.distributed.transaction.framework.bt.config.CustomResponseBodyAdvice': Unsatisfied dependency expressed through constructor parameter 0; nested exception is org.springframework.beans.factory.UnsatisfiedDependencyException: Error creating bean with name 'cn.distributed.transaction.framework.bt.service.UndoLogServiceImpl': Unsatisfied dependency expressed through field 'btTableMetaConfig'; nested exception is org.springframework.beans.factory.BeanCreationException: Error creating bean with name 'cn.distributed.transaction.framework.bt.config.BTTableMetaConfig': Invocation of init method failed; nested exception is java.sql.SQLSyntaxErrorException: Unknown database 'distributed-database-service1'
2024-05-14 13:22:11.187 [main] INFO  o.s.scheduling.concurrent.ThreadPoolTaskExecutor:218 - Shutting down ExecutorService 'applicationTaskExecutor'
2024-05-14 13:22:11.188 [Druid-ConnectionPool-Create-1696998152] ERROR com.alibaba.druid.pool.DruidDataSource:2787 - create connection SQLException, url: jdbc:mysql://localhost:3306/distributed-database-service1?useUnicode=true&characterEncoding=UTF-8&useSSL=false&serverTimezone=Asia/Shanghai&allowPublicKeyRetrieval=true, errorCode 1049, state 42000
java.sql.SQLSyntaxErrorException: Unknown database 'distributed-database-service1'
	at com.mysql.cj.jdbc.exceptions.SQLError.createSQLException(SQLError.java:121)
	at com.mysql.cj.jdbc.exceptions.SQLExceptionsMapping.translateException(SQLExceptionsMapping.java:122)
	at com.mysql.cj.jdbc.ConnectionImpl.createNewIO(ConnectionImpl.java:825)
	at com.mysql.cj.jdbc.ConnectionImpl.<init>(ConnectionImpl.java:446)
	at com.mysql.cj.jdbc.ConnectionImpl.getInstance(ConnectionImpl.java:239)
	at com.mysql.cj.jdbc.NonRegisteringDriver.connect(NonRegisteringDriver.java:188)
	at com.alibaba.druid.filter.FilterChainImpl.connection_connect(FilterChainImpl.java:156)
	at com.alibaba.druid.filter.FilterAdapter.connection_connect(FilterAdapter.java:787)
	at com.alibaba.druid.filter.FilterChainImpl.connection_connect(FilterChainImpl.java:150)
	at com.alibaba.druid.filter.stat.StatFilter.connection_connect(StatFilter.java:227)
	at com.alibaba.druid.filter.FilterChainImpl.connection_connect(FilterChainImpl.java:150)
	at com.alibaba.druid.pool.DruidAbstractDataSource.createPhysicalConnection(DruidAbstractDataSource.java:1654)
	at com.alibaba.druid.pool.DruidAbstractDataSource.createPhysicalConnection(DruidAbstractDataSource.java:1718)
	at com.alibaba.druid.pool.DruidDataSource$CreateConnectionThread.run(DruidDataSource.java:2785)
2024-05-14 13:22:11.189 [main] INFO  com.alibaba.druid.pool.DruidDataSource:2032 - {dataSource-1} closing ...
2024-05-14 13:22:11.190 [main] INFO  com.alibaba.druid.pool.DruidDataSource:2104 - {dataSource-1} closed
2024-05-14 13:22:11.191 [Druid-ConnectionPool-Create-1696998152] ERROR com.alibaba.druid.pool.DruidDataSource:2787 - create connection SQLException, url: jdbc:mysql://localhost:3306/distributed-database-service1?useUnicode=true&characterEncoding=UTF-8&useSSL=false&serverTimezone=Asia/Shanghai&allowPublicKeyRetrieval=true, errorCode 1049, state 42000
java.sql.SQLSyntaxErrorException: Unknown database 'distributed-database-service1'
	at com.mysql.cj.jdbc.exceptions.SQLError.createSQLException(SQLError.java:121)
	at com.mysql.cj.jdbc.exceptions.SQLExceptionsMapping.translateException(SQLExceptionsMapping.java:122)
	at com.mysql.cj.jdbc.ConnectionImpl.createNewIO(ConnectionImpl.java:825)
	at com.mysql.cj.jdbc.ConnectionImpl.<init>(ConnectionImpl.java:446)
	at com.mysql.cj.jdbc.ConnectionImpl.getInstance(ConnectionImpl.java:239)
	at com.mysql.cj.jdbc.NonRegisteringDriver.connect(NonRegisteringDriver.java:188)
	at com.alibaba.druid.filter.FilterChainImpl.connection_connect(FilterChainImpl.java:156)
	at com.alibaba.druid.filter.FilterAdapter.connection_connect(FilterAdapter.java:787)
	at com.alibaba.druid.filter.FilterChainImpl.connection_connect(FilterChainImpl.java:150)
	at com.alibaba.druid.filter.stat.StatFilter.connection_connect(StatFilter.java:227)
	at com.alibaba.druid.filter.FilterChainImpl.connection_connect(FilterChainImpl.java:150)
	at com.alibaba.druid.pool.DruidAbstractDataSource.createPhysicalConnection(DruidAbstractDataSource.java:1654)
	at com.alibaba.druid.pool.DruidAbstractDataSource.createPhysicalConnection(DruidAbstractDataSource.java:1718)
	at com.alibaba.druid.pool.DruidDataSource$CreateConnectionThread.run(DruidDataSource.java:2785)
2024-05-14 13:22:11.191 [Druid-ConnectionPool-Create-1696998152] INFO  com.alibaba.druid.pool.DruidAbstractDataSource:1799 - {dataSource-1} failContinuous is true
2024-05-14 13:22:11.220 [main] INFO  org.apache.catalina.core.StandardService:173 - Stopping service [Tomcat]
2024-05-14 13:22:11.235 [main] INFO  o.s.b.a.l.ConditionEvaluationReportLoggingListener:136 - 

Error starting ApplicationContext. To display the conditions report re-run your application with 'debug' enabled.
2024-05-14 13:22:11.262 [main] ERROR org.springframework.boot.SpringApplication:834 - Application run failed
org.springframework.beans.factory.BeanCreationException: Error creating bean with name 'requestMappingHandlerAdapter' defined in class path resource [org/springframework/boot/autoconfigure/web/servlet/WebMvcAutoConfiguration$EnableWebMvcConfiguration.class]: Invocation of init method failed; nested exception is org.springframework.beans.factory.UnsatisfiedDependencyException: Error creating bean with name 'cn.distributed.transaction.framework.bt.config.CustomResponseBodyAdvice': Unsatisfied dependency expressed through constructor parameter 0; nested exception is org.springframework.beans.factory.UnsatisfiedDependencyException: Error creating bean with name 'cn.distributed.transaction.framework.bt.service.UndoLogServiceImpl': Unsatisfied dependency expressed through field 'btTableMetaConfig'; nested exception is org.springframework.beans.factory.BeanCreationException: Error creating bean with name 'cn.distributed.transaction.framework.bt.config.BTTableMetaConfig': Invocation of init method failed; nested exception is java.sql.SQLSyntaxErrorException: Unknown database 'distributed-database-service1'
	at org.springframework.beans.factory.support.AbstractAutowireCapableBeanFactory.initializeBean(AbstractAutowireCapableBeanFactory.java:1799)
	at org.springframework.beans.factory.support.AbstractAutowireCapableBeanFactory.doCreateBean(AbstractAutowireCapableBeanFactory.java:594)
	at org.springframework.beans.factory.support.AbstractAutowireCapableBeanFactory.createBean(AbstractAutowireCapableBeanFactory.java:516)
	at org.springframework.beans.factory.support.AbstractBeanFactory.lambda$doGetBean$0(AbstractBeanFactory.java:324)
	at org.springframework.beans.factory.support.DefaultSingletonBeanRegistry.getSingleton(DefaultSingletonBeanRegistry.java:234)
	at org.springframework.beans.factory.support.AbstractBeanFactory.doGetBean(AbstractBeanFactory.java:322)
	at org.springframework.beans.factory.support.AbstractBeanFactory.getBean(AbstractBeanFactory.java:202)
	at org.springframework.beans.factory.support.DefaultListableBeanFactory.preInstantiateSingletons(DefaultListableBeanFactory.java:897)
	at org.springframework.context.support.AbstractApplicationContext.finishBeanFactoryInitialization(AbstractApplicationContext.java:879)
	at org.springframework.context.support.AbstractApplicationContext.refresh(AbstractApplicationContext.java:551)
	at org.springframework.boot.web.servlet.context.ServletWebServerApplicationContext.refresh(ServletWebServerApplicationContext.java:143)
	at org.springframework.boot.SpringApplication.refresh(SpringApplication.java:755)
	at org.springframework.boot.SpringApplication.refresh(SpringApplication.java:747)
	at org.springframework.boot.SpringApplication.refreshContext(SpringApplication.java:402)
	at org.springframework.boot.SpringApplication.run(SpringApplication.java:312)
	at org.springframework.boot.SpringApplication.run(SpringApplication.java:1247)
	at org.springframework.boot.SpringApplication.run(SpringApplication.java:1236)
	at cn.distributed.transaction.service1.Service1Application.main(Service1Application.java:15)
Caused by: org.springframework.beans.factory.UnsatisfiedDependencyException: Error creating bean with name 'cn.distributed.transaction.framework.bt.config.CustomResponseBodyAdvice': Unsatisfied dependency expressed through constructor parameter 0; nested exception is org.springframework.beans.factory.UnsatisfiedDependencyException: Error creating bean with name 'cn.distributed.transaction.framework.bt.service.UndoLogServiceImpl': Unsatisfied dependency expressed through field 'btTableMetaConfig'; nested exception is org.springframework.beans.factory.BeanCreationException: Error creating bean with name 'cn.distributed.transaction.framework.bt.config.BTTableMetaConfig': Invocation of init method failed; nested exception is java.sql.SQLSyntaxErrorException: Unknown database 'distributed-database-service1'
	at org.springframework.beans.factory.support.ConstructorResolver.createArgumentArray(ConstructorResolver.java:799)
	at org.springframework.beans.factory.support.ConstructorResolver.autowireConstructor(ConstructorResolver.java:228)
	at org.springframework.beans.factory.support.AbstractAutowireCapableBeanFactory.autowireConstructor(AbstractAutowireCapableBeanFactory.java:1361)
	at org.springframework.beans.factory.support.AbstractAutowireCapableBeanFactory.createBeanInstance(AbstractAutowireCapableBeanFactory.java:1208)
	at org.springframework.beans.factory.support.AbstractAutowireCapableBeanFactory.doCreateBean(AbstractAutowireCapableBeanFactory.java:556)
	at org.springframework.beans.factory.support.AbstractAutowireCapableBeanFactory.createBean(AbstractAutowireCapableBeanFactory.java:516)
	at org.springframework.beans.factory.support.AbstractBeanFactory.lambda$doGetBean$0(AbstractBeanFactory.java:324)
	at org.springframework.beans.factory.support.DefaultSingletonBeanRegistry.getSingleton(DefaultSingletonBeanRegistry.java:234)
	at org.springframework.beans.factory.support.AbstractBeanFactory.doGetBean(AbstractBeanFactory.java:322)
	at org.springframework.beans.factory.support.AbstractBeanFactory.getBean(AbstractBeanFactory.java:202)
	at org.springframework.context.support.AbstractApplicationContext.getBean(AbstractApplicationContext.java:1109)
	at org.springframework.web.method.ControllerAdviceBean.resolveBean(ControllerAdviceBean.java:202)
	at org.springframework.web.method.ControllerAdviceBean.getOrder(ControllerAdviceBean.java:161)
	at org.springframework.core.OrderComparator.findOrder(OrderComparator.java:145)
	at org.springframework.core.OrderComparator.getOrder(OrderComparator.java:128)
	at org.springframework.core.OrderComparator.getOrder(OrderComparator.java:116)
	at org.springframework.core.OrderComparator.doCompare(OrderComparator.java:87)
	at org.springframework.core.OrderComparator.compare(OrderComparator.java:73)
	at java.util.TimSort.countRunAndMakeAscending(TimSort.java:355)
	at java.util.TimSort.sort(TimSort.java:220)
	at java.util.Arrays.sort(Arrays.java:1512)
	at java.util.ArrayList.sort(ArrayList.java:1462)
	at org.springframework.core.OrderComparator.sort(OrderComparator.java:174)
	at org.springframework.web.method.ControllerAdviceBean.findAnnotatedBeans(ControllerAdviceBean.java:274)
	at org.springframework.web.servlet.mvc.method.annotation.RequestMappingHandlerAdapter.initControllerAdviceCache(RequestMappingHandlerAdapter.java:579)
	at org.springframework.web.servlet.mvc.method.annotation.RequestMappingHandlerAdapter.afterPropertiesSet(RequestMappingHandlerAdapter.java:558)
	at org.springframework.beans.factory.support.AbstractAutowireCapableBeanFactory.invokeInitMethods(AbstractAutowireCapableBeanFactory.java:1858)
	at org.springframework.beans.factory.support.AbstractAutowireCapableBeanFactory.initializeBean(AbstractAutowireCapableBeanFactory.java:1795)
	... 17 common frames omitted
Caused by: org.springframework.beans.factory.UnsatisfiedDependencyException: Error creating bean with name 'cn.distributed.transaction.framework.bt.service.UndoLogServiceImpl': Unsatisfied dependency expressed through field 'btTableMetaConfig'; nested exception is org.springframework.beans.factory.BeanCreationException: Error creating bean with name 'cn.distributed.transaction.framework.bt.config.BTTableMetaConfig': Invocation of init method failed; nested exception is java.sql.SQLSyntaxErrorException: Unknown database 'distributed-database-service1'
	at org.springframework.beans.factory.annotation.AutowiredAnnotationBeanPostProcessor$AutowiredFieldElement.resolveFieldValue(AutowiredAnnotationBeanPostProcessor.java:660)
	at org.springframework.beans.factory.annotation.AutowiredAnnotationBeanPostProcessor$AutowiredFieldElement.inject(AutowiredAnnotationBeanPostProcessor.java:640)
	at org.springframework.beans.factory.annotation.InjectionMetadata.inject(InjectionMetadata.java:119)
	at org.springframework.beans.factory.annotation.AutowiredAnnotationBeanPostProcessor.postProcessProperties(AutowiredAnnotationBeanPostProcessor.java:399)
	at org.springframework.beans.factory.support.AbstractAutowireCapableBeanFactory.populateBean(AbstractAutowireCapableBeanFactory.java:1425)
	at org.springframework.beans.factory.support.AbstractAutowireCapableBeanFactory.doCreateBean(AbstractAutowireCapableBeanFactory.java:593)
	at org.springframework.beans.factory.support.AbstractAutowireCapableBeanFactory.createBean(AbstractAutowireCapableBeanFactory.java:516)
	at org.springframework.beans.factory.support.AbstractBeanFactory.lambda$doGetBean$0(AbstractBeanFactory.java:324)
	at org.springframework.beans.factory.support.DefaultSingletonBeanRegistry.getSingleton(DefaultSingletonBeanRegistry.java:234)
	at org.springframework.beans.factory.support.AbstractBeanFactory.doGetBean(AbstractBeanFactory.java:322)
	at org.springframework.beans.factory.support.AbstractBeanFactory.getBean(AbstractBeanFactory.java:202)
	at org.springframework.beans.factory.config.DependencyDescriptor.resolveCandidate(DependencyDescriptor.java:276)
	at org.springframework.beans.factory.support.DefaultListableBeanFactory.doResolveDependency(DefaultListableBeanFactory.java:1307)
	at org.springframework.beans.factory.support.DefaultListableBeanFactory.resolveDependency(DefaultListableBeanFactory.java:1227)
	at org.springframework.beans.factory.support.ConstructorResolver.resolveAutowiredArgument(ConstructorResolver.java:886)
	at org.springframework.beans.factory.support.ConstructorResolver.createArgumentArray(ConstructorResolver.java:790)
	... 44 common frames omitted
Caused by: org.springframework.beans.factory.BeanCreationException: Error creating bean with name 'cn.distributed.transaction.framework.bt.config.BTTableMetaConfig': Invocation of init method failed; nested exception is java.sql.SQLSyntaxErrorException: Unknown database 'distributed-database-service1'
	at org.springframework.beans.factory.annotation.InitDestroyAnnotationBeanPostProcessor.postProcessBeforeInitialization(InitDestroyAnnotationBeanPostProcessor.java:160)
	at org.springframework.beans.factory.support.AbstractAutowireCapableBeanFactory.applyBeanPostProcessorsBeforeInitialization(AbstractAutowireCapableBeanFactory.java:415)
	at org.springframework.beans.factory.support.AbstractAutowireCapableBeanFactory.initializeBean(AbstractAutowireCapableBeanFactory.java:1791)
	at org.springframework.beans.factory.support.AbstractAutowireCapableBeanFactory.doCreateBean(AbstractAutowireCapableBeanFactory.java:594)
	at org.springframework.beans.factory.support.AbstractAutowireCapableBeanFactory.createBean(AbstractAutowireCapableBeanFactory.java:516)
	at org.springframework.beans.factory.support.AbstractBeanFactory.lambda$doGetBean$0(AbstractBeanFactory.java:324)
	at org.springframework.beans.factory.support.DefaultSingletonBeanRegistry.getSingleton(DefaultSingletonBeanRegistry.java:234)
	at org.springframework.beans.factory.support.AbstractBeanFactory.doGetBean(AbstractBeanFactory.java:322)
	at org.springframework.beans.factory.support.AbstractBeanFactory.getBean(AbstractBeanFactory.java:202)
	at org.springframework.beans.factory.config.DependencyDescriptor.resolveCandidate(DependencyDescriptor.java:276)
	at org.springframework.beans.factory.support.DefaultListableBeanFactory.doResolveDependency(DefaultListableBeanFactory.java:1307)
	at org.springframework.beans.factory.support.DefaultListableBeanFactory.resolveDependency(DefaultListableBeanFactory.java:1227)
	at org.springframework.beans.factory.annotation.AutowiredAnnotationBeanPostProcessor$AutowiredFieldElement.resolveFieldValue(AutowiredAnnotationBeanPostProcessor.java:657)
	... 59 common frames omitted
Caused by: java.sql.SQLSyntaxErrorException: Unknown database 'distributed-database-service1'
	at com.mysql.cj.jdbc.exceptions.SQLError.createSQLException(SQLError.java:121)
	at com.mysql.cj.jdbc.exceptions.SQLExceptionsMapping.translateException(SQLExceptionsMapping.java:122)
	at com.mysql.cj.jdbc.ConnectionImpl.createNewIO(ConnectionImpl.java:825)
	at com.mysql.cj.jdbc.ConnectionImpl.<init>(ConnectionImpl.java:446)
	at com.mysql.cj.jdbc.ConnectionImpl.getInstance(ConnectionImpl.java:239)
	at com.mysql.cj.jdbc.NonRegisteringDriver.connect(NonRegisteringDriver.java:188)
	at com.alibaba.druid.filter.FilterChainImpl.connection_connect(FilterChainImpl.java:156)
	at com.alibaba.druid.filter.FilterAdapter.connection_connect(FilterAdapter.java:787)
	at com.alibaba.druid.filter.FilterChainImpl.connection_connect(FilterChainImpl.java:150)
	at com.alibaba.druid.filter.stat.StatFilter.connection_connect(StatFilter.java:227)
	at com.alibaba.druid.filter.FilterChainImpl.connection_connect(FilterChainImpl.java:150)
	at com.alibaba.druid.pool.DruidAbstractDataSource.createPhysicalConnection(DruidAbstractDataSource.java:1654)
	at com.alibaba.druid.pool.DruidAbstractDataSource.createPhysicalConnection(DruidAbstractDataSource.java:1718)
	at com.alibaba.druid.pool.DruidDataSource.init(DruidDataSource.java:914)
	at com.alibaba.druid.pool.DruidDataSource.getConnection(DruidDataSource.java:1382)
	at com.alibaba.druid.pool.DruidDataSource.getConnection(DruidDataSource.java:1378)
	at cn.distributed.transaction.framework.bt.config.BTTableMetaConfig.initCacheTableMete(BTTableMetaConfig.java:26)
	at sun.reflect.NativeMethodAccessorImpl.invoke0(Native Method)
	at sun.reflect.NativeMethodAccessorImpl.invoke(NativeMethodAccessorImpl.java:62)
	at sun.reflect.DelegatingMethodAccessorImpl.invoke(DelegatingMethodAccessorImpl.java:43)
	at java.lang.reflect.Method.invoke(Method.java:498)
	at org.springframework.beans.factory.annotation.InitDestroyAnnotationBeanPostProcessor$LifecycleElement.invoke(InitDestroyAnnotationBeanPostProcessor.java:389)
	at org.springframework.beans.factory.annotation.InitDestroyAnnotationBeanPostProcessor$LifecycleMetadata.invokeInitMethods(InitDestroyAnnotationBeanPostProcessor.java:333)
	at org.springframework.beans.factory.annotation.InitDestroyAnnotationBeanPostProcessor.postProcessBeforeInitialization(InitDestroyAnnotationBeanPostProcessor.java:157)
	... 71 common frames omitted
2024-05-14 13:25:56.842 [main] INFO  c.d.transaction.service1.Service1Application:648 - No active profile set, falling back to default profiles: default
2024-05-14 13:25:57.970 [main] INFO  o.s.d.r.config.RepositoryConfigurationDelegate:249 - Multiple Spring Data modules found, entering strict repository configuration mode!
2024-05-14 13:25:57.975 [main] INFO  o.s.d.r.config.RepositoryConfigurationDelegate:127 - Bootstrapping Spring Data Redis repositories in DEFAULT mode.
2024-05-14 13:25:58.026 [main] INFO  o.s.d.r.config.RepositoryConfigurationDelegate:187 - Finished Spring Data repository scanning in 28ms. Found 0 Redis repository interfaces.
2024-05-14 13:25:58.111 [main] WARN  o.springframework.boot.actuate.endpoint.EndpointId:155 - Endpoint ID 'service-registry' contains invalid characters, please migrate to a valid format.
2024-05-14 13:25:58.325 [main] INFO  o.springframework.cloud.context.scope.GenericScope:295 - BeanFactory id=835693b4-f2a1-3f05-be27-d9e4173896d4
2024-05-14 13:25:58.791 [main] INFO  o.s.boot.web.embedded.tomcat.TomcatWebServer:108 - Tomcat initialized with port(s): 9002 (http)
2024-05-14 13:25:58.803 [main] INFO  org.apache.coyote.http11.Http11NioProtocol:173 - Initializing ProtocolHandler ["http-nio-9002"]
2024-05-14 13:25:58.804 [main] INFO  org.apache.catalina.core.StandardService:173 - Starting service [Tomcat]
2024-05-14 13:25:58.804 [main] INFO  org.apache.catalina.core.StandardEngine:173 - Starting Servlet engine: [Apache Tomcat/9.0.46]
2024-05-14 13:25:59.022 [main] INFO  o.a.c.core.ContainerBase.[Tomcat].[localhost].[/]:173 - Initializing Spring embedded WebApplicationContext
2024-05-14 13:25:59.022 [main] INFO  o.s.b.w.s.c.ServletWebServerApplicationContext:285 - Root WebApplicationContext: initialization completed in 2155 ms
2024-05-14 13:25:59.251 [main] INFO  o.s.boot.web.servlet.RegistrationBean:110 - Servlet statViewServlet was not registered (possibly already registered?)
2024-05-14 13:25:59.616 [main] INFO  org.redisson.Version:41 - Redisson 3.13.6
2024-05-14 13:26:01.519 [redisson-netty-2-14] INFO  o.r.connection.pool.MasterPubSubConnectionPool:167 - 1 connections initialized for localhost/127.0.0.1:6379
2024-05-14 13:26:01.533 [redisson-netty-2-20] INFO  org.redisson.connection.pool.MasterConnectionPool:167 - 24 connections initialized for localhost/127.0.0.1:6379
2024-05-14 13:26:01.881 [main] WARN  c.b.mybatisplus.core.injector.DefaultSqlInjector:56 - class cn.distributed.transaction.framework.bt.dataobj.UndoLog ,Not found @TableId annotation, Cannot use Mybatis-Plus 'xxById' Method.
2024-05-14 13:26:03.010 [main] WARN  com.netflix.config.sources.URLConfigurationSource:121 - No URLs will be polled as dynamic configuration sources.
2024-05-14 13:26:03.010 [main] INFO  com.netflix.config.sources.URLConfigurationSource:122 - To enable URLs as dynamic configuration sources, define System property archaius.configurationSource.additionalUrls or make config.properties available on classpath.
2024-05-14 13:26:03.017 [main] WARN  com.netflix.config.sources.URLConfigurationSource:121 - No URLs will be polled as dynamic configuration sources.
2024-05-14 13:26:03.017 [main] INFO  com.netflix.config.sources.URLConfigurationSource:122 - To enable URLs as dynamic configuration sources, define System property archaius.configurationSource.additionalUrls or make config.properties available on classpath.
2024-05-14 13:26:03.191 [main] INFO  o.s.scheduling.concurrent.ThreadPoolTaskExecutor:181 - Initializing ExecutorService 'applicationTaskExecutor'
2024-05-14 13:26:03.587 [main] INFO  com.alibaba.druid.pool.DruidDataSource:985 - {dataSource-1} inited
2024-05-14 13:26:05.776 [main] INFO  c.d.transaction.framework.bt.server.RollbackServer:57 - bt start listen port 9092
2024-05-14 13:26:06.566 [main] INFO  o.s.scheduling.concurrent.ThreadPoolTaskScheduler:181 - Initializing ExecutorService 'Nacos-Watch-Task-Scheduler'
2024-05-14 13:26:06.631 [main] INFO  c.a.n.p.auth.spi.client.ClientAuthPluginManager:56 - [ClientAuthPluginManager] Load ClientAuthService com.alibaba.nacos.client.auth.impl.NacosClientAuthServiceImpl success.
2024-05-14 13:26:06.632 [main] INFO  c.a.n.p.auth.spi.client.ClientAuthPluginManager:56 - [ClientAuthPluginManager] Load ClientAuthService com.alibaba.nacos.client.auth.ram.RamClientAuthServiceImpl success.
2024-05-14 13:26:11.290 [main] INFO  o.s.b.actuate.endpoint.web.EndpointLinksResolver:58 - Exposing 18 endpoint(s) beneath base path '/actuator'
2024-05-14 13:26:11.440 [main] INFO  org.apache.coyote.http11.Http11NioProtocol:173 - Starting ProtocolHandler ["http-nio-9002"]
2024-05-14 13:26:11.464 [main] INFO  o.s.boot.web.embedded.tomcat.TomcatWebServer:220 - Tomcat started on port(s): 9002 (http) with context path ''
2024-05-14 13:26:11.477 [main] INFO  c.a.cloud.nacos.registry.NacosServiceRegistry:75 - nacos registry, DEFAULT_GROUP service1 10.56.41.138:9002 register finished
2024-05-14 13:26:12.262 [main] INFO  c.d.transaction.service1.Service1Application:61 - Started Service1Application in 17.791 seconds (JVM running for 19.233)
2024-05-14 13:26:13.596 [RMI TCP Connection(5)-192.168.98.1] INFO  o.a.c.core.ContainerBase.[Tomcat].[localhost].[/]:173 - Initializing Spring DispatcherServlet 'dispatcherServlet'
2024-05-14 13:26:13.596 [RMI TCP Connection(5)-192.168.98.1] INFO  org.springframework.web.servlet.DispatcherServlet:525 - Initializing Servlet 'dispatcherServlet'
2024-05-14 13:26:13.603 [RMI TCP Connection(5)-192.168.98.1] INFO  org.springframework.web.servlet.DispatcherServlet:547 - Completed initialization in 7 ms
2024-05-14 13:28:25.505 [http-nio-9002-exec-1] INFO  c.d.t.framework.bt.config.MybatisBTInterceptor:94 - Resolved SQL: insert into book values('9999','hh',10,10)
2024-05-14 13:28:49.051 [Thread-35] WARN  com.alibaba.nacos.common.http.HttpClientBeanHolder:108 - [HttpClientBeanHolder] Start destroying common HttpClient
2024-05-14 13:28:49.051 [Thread-32] WARN  com.alibaba.nacos.common.notify.NotifyCenter:136 - [NotifyCenter] Start destroying Publisher
2024-05-14 13:28:49.052 [Thread-32] WARN  com.alibaba.nacos.common.notify.NotifyCenter:153 - [NotifyCenter] Destruction of the end
2024-05-14 13:28:49.052 [Thread-35] WARN  com.alibaba.nacos.common.http.HttpClientBeanHolder:114 - [HttpClientBeanHolder] Destruction of the end
2024-05-14 13:28:49.067 [pool-1-thread-1] INFO  c.d.transaction.framework.bt.server.RollbackServer:74 - build connect
2024-05-14 13:28:49.757 [SpringContextShutdownHook] INFO  o.s.scheduling.concurrent.ThreadPoolTaskScheduler:218 - Shutting down ExecutorService 'Nacos-Watch-Task-Scheduler'
2024-05-14 13:28:49.771 [SpringContextShutdownHook] INFO  c.a.cloud.nacos.registry.NacosServiceRegistry:94 - De-registering from Nacos Server now...
2024-05-14 13:28:49.774 [SpringContextShutdownHook] INFO  c.a.cloud.nacos.registry.NacosServiceRegistry:114 - De-registration finished.
2024-05-14 13:28:50.116 [SpringContextShutdownHook] INFO  o.s.scheduling.concurrent.ThreadPoolTaskExecutor:218 - Shutting down ExecutorService 'applicationTaskExecutor'
2024-05-14 13:28:50.118 [SpringContextShutdownHook] INFO  com.alibaba.druid.pool.DruidDataSource:2032 - {dataSource-1} closing ...
2024-05-14 13:28:50.122 [SpringContextShutdownHook] INFO  com.alibaba.druid.pool.DruidDataSource:2104 - {dataSource-1} closed
